[2021-05-25 01:20:16] [INFO] [com.wave4traders.datafeeds.BhavHandler processBhavcopy] Processing bhavcopy...
[2021-05-25 01:20:16] [INFO] [com.wave4traders.datafeeds.BhavHandler processBhavcopy] Processing date... 2021-05-25
[2021-05-25 01:20:16] [INFO] [com.wave4traders.datafeeds.BhavHandler processBhavcopy] Done.
[2021-05-25 01:20:17] [INFO] [com.wave4traders.utils.ATUtil printTrades] ############ Live Trades Summary ################

[2021-05-25 01:20:17] [INFO] [com.wave4traders.utils.ATUtil printTrades] Total Trades: 2, Overall Profit: 0.19%,

[2021-05-25 01:20:17] [INFO] [com.wave4traders.managers.BarSeriesManager getBarSeries] BarSeries last updated: 24-05-2021 03:30 pm Nifty 50
[2021-05-25 01:20:17] [INFO] [com.wave4traders.utils.ATUtil downloadFile] Downloading: https://zerodha.com/margin-calculator/Futures
[2021-05-25 01:20:18] [INFO] [com.wave4traders.utils.ATUtil downloadFile] Done.
[2021-05-25 01:20:18] [INFO] [com.wave4traders.datafeeds.MarginZrdha parseMarginFile] Margin Last updated: 24 May 2021
[2021-05-25 01:20:19] [INFO] [com.wave4traders.view.HomeScreenController lambda$handleChartAddition$86] Old chart is updated for Nifty 50
[2021-05-25 01:20:34] [INFO] [com.wave4traders.managers.BarSeriesManager getBarSeries] BarSeries last updated: 24-05-2021 03:30 pm Nifty 50
[2021-05-25 01:20:34] [INFO] [com.wave4traders.view.HomeScreenController lambda$handleChartAddition$86] Old chart is updated for Nifty 50
[2021-05-25 01:20:42] [INFO] [com.wave4traders.datafeeds.BhavHandler processBhavcopy] Processing bhavcopy...
[2021-05-25 01:20:42] [INFO] [com.wave4traders.datafeeds.BhavHandler processBhavcopy] Processing date... 2021-05-25
[2021-05-25 01:20:42] [INFO] [com.wave4traders.datafeeds.BhavHandler processBhavcopy] Done.
[2021-05-25 01:20:42] [INFO] [com.wave4traders.managers.BarSeriesManager getBarSeries] BarSeries last updated: 24-05-2021 03:30 pm Nifty 50
[2021-05-25 01:20:43] [INFO] [com.wave4traders.view.HomeScreenController lambda$handleChartAddition$86] Old chart is updated for Nifty 50
[2021-05-25 01:21:08] [INFO] [com.wave4traders.utils.ATUtil downloadFile] Downloading: https://github.com/vilassn/wave/raw/master/tools/keys/787668753177756c646f343536437b7c7d31667270
[2021-05-25 01:21:10] [INFO] [com.wave4traders.utils.ATUtil downloadFile] Done.
[2021-05-25 01:21:30] [INFO] [com.wave4traders.managers.BarSeriesManager getBarSeries] BarSeries last updated: 24-05-2021 03:30 pm Nifty 50
[2021-05-25 01:21:30] [INFO] [com.wave4traders.view.HomeScreenController lambda$handleChartAddition$86] Old chart is updated for Nifty 50
[2021-05-25 01:25:12] [INFO] [com.wave4traders.AlgoTrader stop] AlgoTrader is closed...!
