[2021-05-24 02:06:29] [INFO] [com.wave4traders.bhavmgr.NSEBhavDataHandler loadBhavcopy] Loading Data... From 20160101 To 20210524
[2021-05-24 02:06:29] [INFO] [com.wave4traders.managers.HolidayManager isHoliday] Weekend: 2016-01-02T00:00
[2021-05-24 02:06:29] [INFO] [com.wave4traders.managers.HolidayManager isHoliday] Weekend: 2016-01-03T00:00
[2021-05-24 02:06:29] [INFO] [com.wave4traders.managers.HolidayManager isHoliday] Weekend: 2016-01-09T00:00
[2021-05-24 02:06:29] [INFO] [com.wave4traders.managers.HolidayManager isHoliday] Weekend: 2016-01-10T00:00
[2021-05-24 02:06:29] [INFO] [com.wave4traders.managers.HolidayManager isHoliday] Weekend: 2016-01-16T00:00
[2021-05-24 02:06:29] [INFO] [com.wave4traders.managers.HolidayManager isHoliday] Weekend: 2016-01-17T00:00
[2021-05-24 02:06:29] [INFO] [com.wave4traders.managers.HolidayManager isHoliday] Weekend: 2016-01-23T00:00
[2021-05-24 02:06:29] [INFO] [com.wave4traders.managers.HolidayManager isHoliday] Weekend: 2016-01-24T00:00
[2021-05-24 02:06:29] [INFO] [com.wave4traders.managers.HolidayManager isHoliday] Holiday: 2016-01-26T00:00 Republic Day
[2021-05-24 02:06:29] [INFO] [com.wave4traders.managers.HolidayManager isHoliday] Weekend: 2016-01-30T00:00
[2021-05-24 02:06:29] [INFO] [com.wave4traders.managers.HolidayManager isHoliday] Weekend: 2016-01-31T00:00
[2021-05-24 02:06:29] [INFO] [com.wave4traders.managers.HolidayManager isHoliday] Weekend: 2016-02-06T00:00
[2021-05-24 02:06:29] [INFO] [com.wave4traders.managers.HolidayManager isHoliday] Weekend: 2016-02-07T00:00
[2021-05-24 02:06:29] [INFO] [com.wave4traders.managers.HolidayManager isHoliday] Weekend: 2016-02-13T00:00
[2021-05-24 02:06:29] [INFO] [com.wave4traders.managers.HolidayManager isHoliday] Weekend: 2016-02-14T00:00
[2021-05-24 02:06:29] [INFO] [com.wave4traders.managers.HolidayManager isHoliday] Weekend: 2016-02-20T00:00
[2021-05-24 02:06:29] [INFO] [com.wave4traders.managers.HolidayManager isHoliday] Weekend: 2016-02-21T00:00
[2021-05-24 02:06:29] [INFO] [com.wave4traders.managers.HolidayManager isHoliday] Weekend: 2016-02-27T00:00
[2021-05-24 02:06:29] [INFO] [com.wave4traders.managers.HolidayManager isHoliday] Weekend: 2016-02-28T00:00
[2021-05-24 02:06:29] [INFO] [com.wave4traders.managers.HolidayManager isHoliday] Weekend: 2016-03-05T00:00
[2021-05-24 02:06:29] [INFO] [com.wave4traders.managers.HolidayManager isHoliday] Weekend: 2016-03-06T00:00
[2021-05-24 02:06:29] [INFO] [com.wave4traders.managers.HolidayManager isHoliday] Holiday: 2016-03-07T00:00 Mahashivratri
[2021-05-24 02:06:29] [INFO] [com.wave4traders.managers.HolidayManager isHoliday] Weekend: 2016-03-12T00:00
[2021-05-24 02:06:29] [INFO] [com.wave4traders.managers.HolidayManager isHoliday] Weekend: 2016-03-13T00:00
[2021-05-24 02:06:29] [INFO] [com.wave4traders.managers.HolidayManager isHoliday] Weekend: 2016-03-19T00:00
[2021-05-24 02:06:29] [INFO] [com.wave4traders.managers.HolidayManager isHoliday] Weekend: 2016-03-20T00:00
[2021-05-24 02:06:29] [INFO] [com.wave4traders.managers.HolidayManager isHoliday] Holiday: 2016-03-24T00:00 Holi
[2021-05-24 02:06:29] [INFO] [com.wave4traders.managers.HolidayManager isHoliday] Holiday: 2016-03-25T00:00 Good Friday
[2021-05-24 02:06:29] [INFO] [com.wave4traders.managers.HolidayManager isHoliday] Weekend: 2016-03-26T00:00
[2021-05-24 02:06:29] [INFO] [com.wave4traders.managers.HolidayManager isHoliday] Weekend: 2016-03-27T00:00
[2021-05-24 02:06:29] [INFO] [com.wave4traders.managers.HolidayManager isHoliday] Weekend: 2016-04-02T00:00
[2021-05-24 02:06:29] [INFO] [com.wave4traders.managers.HolidayManager isHoliday] Weekend: 2016-04-03T00:00
[2021-05-24 02:06:30] [INFO] [com.wave4traders.managers.HolidayManager isHoliday] Weekend: 2016-04-09T00:00
[2021-05-24 02:06:30] [INFO] [com.wave4traders.managers.HolidayManager isHoliday] Weekend: 2016-04-10T00:00
[2021-05-24 02:06:30] [INFO] [com.wave4traders.managers.HolidayManager isHoliday] Holiday: 2016-04-14T00:00 Dr.Baba Saheb Ambedkar Jayanti
[2021-05-24 02:06:30] [INFO] [com.wave4traders.managers.HolidayManager isHoliday] Holiday: 2016-04-15T00:00 Ram Navami
[2021-05-24 02:06:30] [INFO] [com.wave4traders.managers.HolidayManager isHoliday] Weekend: 2016-04-16T00:00
[2021-05-24 02:06:30] [INFO] [com.wave4traders.managers.HolidayManager isHoliday] Weekend: 2016-04-17T00:00
[2021-05-24 02:06:30] [INFO] [com.wave4traders.managers.HolidayManager isHoliday] Holiday: 2016-04-19T00:00 Mahavir Jayanti
[2021-05-24 02:06:30] [INFO] [com.wave4traders.managers.HolidayManager isHoliday] Weekend: 2016-04-23T00:00
[2021-05-24 02:06:30] [INFO] [com.wave4traders.managers.HolidayManager isHoliday] Weekend: 2016-04-24T00:00
[2021-05-24 02:06:30] [INFO] [com.wave4traders.managers.HolidayManager isHoliday] Weekend: 2016-04-30T00:00
[2021-05-24 02:06:30] [INFO] [com.wave4traders.managers.HolidayManager isHoliday] Weekend: 2016-05-01T00:00
[2021-05-24 02:06:30] [INFO] [com.wave4traders.managers.HolidayManager isHoliday] Weekend: 2016-05-07T00:00
[2021-05-24 02:06:30] [INFO] [com.wave4traders.managers.HolidayManager isHoliday] Weekend: 2016-05-08T00:00
[2021-05-24 02:06:30] [INFO] [com.wave4traders.utils.ATUtil printTrades] ############ Live Trades Summary ################

[2021-05-24 02:06:30] [INFO] [com.wave4traders.utils.ATUtil printTrades] Total Trades: 1, Overall Profit: 0.0%,

[2021-05-24 02:06:30] [INFO] [com.wave4traders.managers.HolidayManager isHoliday] Weekend: 2016-05-14T00:00
[2021-05-24 02:06:30] [INFO] [com.wave4traders.managers.HolidayManager isHoliday] Weekend: 2016-05-15T00:00
[2021-05-24 02:06:30] [INFO] [com.wave4traders.managers.HolidayManager isHoliday] Weekend: 2016-05-21T00:00
[2021-05-24 02:06:30] [INFO] [com.wave4traders.managers.HolidayManager isHoliday] Weekend: 2016-05-22T00:00
[2021-05-24 02:06:30] [INFO] [com.wave4traders.managers.HolidayManager isHoliday] Weekend: 2016-05-28T00:00
[2021-05-24 02:06:30] [INFO] [com.wave4traders.managers.HolidayManager isHoliday] Weekend: 2016-05-29T00:00
[2021-05-24 02:06:30] [INFO] [com.wave4traders.managers.HolidayManager isHoliday] Weekend: 2016-06-04T00:00
[2021-05-24 02:06:30] [INFO] [com.wave4traders.managers.HolidayManager isHoliday] Weekend: 2016-06-05T00:00
[2021-05-24 02:06:30] [INFO] [com.wave4traders.managers.HolidayManager isHoliday] Weekend: 2016-06-11T00:00
[2021-05-24 02:06:30] [INFO] [com.wave4traders.managers.HolidayManager isHoliday] Weekend: 2016-06-12T00:00
[2021-05-24 02:06:30] [INFO] [com.wave4traders.managers.HolidayManager isHoliday] Weekend: 2016-06-18T00:00
[2021-05-24 02:06:30] [INFO] [com.wave4traders.managers.HolidayManager isHoliday] Weekend: 2016-06-19T00:00
[2021-05-24 02:06:30] [INFO] [com.wave4traders.managers.HolidayManager isHoliday] Weekend: 2016-06-25T00:00
[2021-05-24 02:06:30] [INFO] [com.wave4traders.managers.HolidayManager isHoliday] Weekend: 2016-06-26T00:00
[2021-05-24 02:06:30] [INFO] [com.wave4traders.managers.HolidayManager isHoliday] Weekend: 2016-07-02T00:00
[2021-05-24 02:06:30] [INFO] [com.wave4traders.managers.HolidayManager isHoliday] Weekend: 2016-07-03T00:00
[2021-05-24 02:06:30] [INFO] [com.wave4traders.managers.HolidayManager isHoliday] Holiday: 2016-07-06T00:00 Id-Ul-Fitr (Ramzan Id)
[2021-05-24 02:06:30] [INFO] [com.wave4traders.managers.HolidayManager isHoliday] Weekend: 2016-07-09T00:00
[2021-05-24 02:06:30] [INFO] [com.wave4traders.managers.HolidayManager isHoliday] Weekend: 2016-07-10T00:00
[2021-05-24 02:06:31] [INFO] [com.wave4traders.managers.HolidayManager isHoliday] Weekend: 2016-07-16T00:00
[2021-05-24 02:06:31] [INFO] [com.wave4traders.managers.HolidayManager isHoliday] Weekend: 2016-07-17T00:00
[2021-05-24 02:06:31] [INFO] [com.wave4traders.managers.HolidayManager isHoliday] Weekend: 2016-07-23T00:00
[2021-05-24 02:06:31] [INFO] [com.wave4traders.managers.HolidayManager isHoliday] Weekend: 2016-07-24T00:00
[2021-05-24 02:06:31] [INFO] [com.wave4traders.managers.HolidayManager isHoliday] Weekend: 2016-07-30T00:00
[2021-05-24 02:06:31] [INFO] [com.wave4traders.managers.HolidayManager isHoliday] Weekend: 2016-07-31T00:00
[2021-05-24 02:06:31] [INFO] [com.wave4traders.managers.HolidayManager isHoliday] Weekend: 2016-08-06T00:00
[2021-05-24 02:06:31] [INFO] [com.wave4traders.managers.HolidayManager isHoliday] Weekend: 2016-08-07T00:00
[2021-05-24 02:06:31] [INFO] [com.wave4traders.managers.HolidayManager isHoliday] Weekend: 2016-08-13T00:00
[2021-05-24 02:06:31] [INFO] [com.wave4traders.managers.HolidayManager isHoliday] Weekend: 2016-08-14T00:00
[2021-05-24 02:06:31] [INFO] [com.wave4traders.managers.HolidayManager isHoliday] Holiday: 2016-08-15T00:00 Independence Day
[2021-05-24 02:06:31] [INFO] [com.wave4traders.managers.HolidayManager isHoliday] Weekend: 2016-08-20T00:00
[2021-05-24 02:06:31] [INFO] [com.wave4traders.managers.HolidayManager isHoliday] Weekend: 2016-08-21T00:00
[2021-05-24 02:06:31] [INFO] [com.wave4traders.managers.HolidayManager isHoliday] Weekend: 2016-08-27T00:00
[2021-05-24 02:06:31] [INFO] [com.wave4traders.managers.HolidayManager isHoliday] Weekend: 2016-08-28T00:00
[2021-05-24 02:06:31] [INFO] [com.wave4traders.managers.HolidayManager isHoliday] Weekend: 2016-09-03T00:00
[2021-05-24 02:06:31] [INFO] [com.wave4traders.managers.HolidayManager isHoliday] Weekend: 2016-09-04T00:00
[2021-05-24 02:06:31] [INFO] [com.wave4traders.managers.HolidayManager isHoliday] Holiday: 2016-09-05T00:00 Ganesh Chaturthi
[2021-05-24 02:06:31] [INFO] [com.wave4traders.managers.HolidayManager isHoliday] Weekend: 2016-09-10T00:00
[2021-05-24 02:06:31] [INFO] [com.wave4traders.managers.HolidayManager isHoliday] Weekend: 2016-09-11T00:00
[2021-05-24 02:06:31] [INFO] [com.wave4traders.managers.HolidayManager isHoliday] Holiday: 2016-09-13T00:00 Bakri Id
[2021-05-24 02:06:31] [INFO] [com.wave4traders.managers.HolidayManager isHoliday] Weekend: 2016-09-17T00:00
[2021-05-24 02:06:31] [INFO] [com.wave4traders.managers.HolidayManager isHoliday] Weekend: 2016-09-18T00:00
[2021-05-24 02:06:31] [INFO] [com.wave4traders.managers.HolidayManager isHoliday] Weekend: 2016-09-24T00:00
[2021-05-24 02:06:31] [INFO] [com.wave4traders.managers.HolidayManager isHoliday] Weekend: 2016-09-25T00:00
[2021-05-24 02:06:31] [INFO] [com.wave4traders.managers.HolidayManager isHoliday] Weekend: 2016-10-01T00:00
[2021-05-24 02:06:31] [INFO] [com.wave4traders.managers.HolidayManager isHoliday] Weekend: 2016-10-02T00:00
[2021-05-24 02:06:31] [INFO] [com.wave4traders.managers.HolidayManager isHoliday] Weekend: 2016-10-08T00:00
[2021-05-24 02:06:31] [INFO] [com.wave4traders.managers.HolidayManager isHoliday] Weekend: 2016-10-09T00:00
[2021-05-24 02:06:31] [INFO] [com.wave4traders.managers.HolidayManager isHoliday] Holiday: 2016-10-11T00:00 Dussehra
[2021-05-24 02:06:31] [INFO] [com.wave4traders.managers.HolidayManager isHoliday] Holiday: 2016-10-12T00:00 Muharram
[2021-05-24 02:06:31] [INFO] [com.wave4traders.managers.HolidayManager isHoliday] Weekend: 2016-10-15T00:00
[2021-05-24 02:06:31] [INFO] [com.wave4traders.managers.HolidayManager isHoliday] Weekend: 2016-10-16T00:00
[2021-05-24 02:06:31] [INFO] [com.wave4traders.managers.HolidayManager isHoliday] Weekend: 2016-10-22T00:00
[2021-05-24 02:06:31] [INFO] [com.wave4traders.managers.HolidayManager isHoliday] Weekend: 2016-10-23T00:00
[2021-05-24 02:06:31] [INFO] [com.wave4traders.managers.HolidayManager isHoliday] Weekend: 2016-10-29T00:00
[2021-05-24 02:06:31] [INFO] [com.wave4traders.managers.HolidayManager isHoliday] Weekend: 2016-10-30T00:00
[2021-05-24 02:06:31] [INFO] [com.wave4traders.managers.HolidayManager isHoliday] Holiday: 2016-10-31T00:00 Diwali
[2021-05-24 02:06:31] [INFO] [com.wave4traders.managers.HolidayManager isHoliday] Weekend: 2016-11-05T00:00
[2021-05-24 02:06:31] [INFO] [com.wave4traders.managers.HolidayManager isHoliday] Weekend: 2016-11-06T00:00
[2021-05-24 02:06:31] [INFO] [com.wave4traders.managers.HolidayManager isHoliday] Weekend: 2016-11-12T00:00
[2021-05-24 02:06:31] [INFO] [com.wave4traders.managers.HolidayManager isHoliday] Weekend: 2016-11-13T00:00
[2021-05-24 02:06:31] [INFO] [com.wave4traders.managers.HolidayManager isHoliday] Holiday: 2016-11-14T00:00 Gurunanak Jayanti
[2021-05-24 02:06:31] [INFO] [com.wave4traders.managers.HolidayManager isHoliday] Weekend: 2016-11-19T00:00
[2021-05-24 02:06:31] [INFO] [com.wave4traders.managers.HolidayManager isHoliday] Weekend: 2016-11-20T00:00
[2021-05-24 02:06:32] [INFO] [com.wave4traders.managers.HolidayManager isHoliday] Weekend: 2016-11-26T00:00
[2021-05-24 02:06:32] [INFO] [com.wave4traders.managers.HolidayManager isHoliday] Weekend: 2016-11-27T00:00
[2021-05-24 02:06:32] [INFO] [com.wave4traders.managers.HolidayManager isHoliday] Weekend: 2016-12-03T00:00
[2021-05-24 02:06:32] [INFO] [com.wave4traders.managers.HolidayManager isHoliday] Weekend: 2016-12-04T00:00
[2021-05-24 02:06:32] [INFO] [com.wave4traders.managers.HolidayManager isHoliday] Weekend: 2016-12-10T00:00
[2021-05-24 02:06:32] [INFO] [com.wave4traders.managers.HolidayManager isHoliday] Weekend: 2016-12-11T00:00
[2021-05-24 02:06:32] [INFO] [com.wave4traders.managers.HolidayManager isHoliday] Weekend: 2016-12-17T00:00
[2021-05-24 02:06:32] [INFO] [com.wave4traders.managers.HolidayManager isHoliday] Weekend: 2016-12-18T00:00
[2021-05-24 02:06:32] [INFO] [com.wave4traders.managers.HolidayManager isHoliday] Weekend: 2016-12-24T00:00
[2021-05-24 02:06:32] [INFO] [com.wave4traders.managers.HolidayManager isHoliday] Weekend: 2016-12-25T00:00
[2021-05-24 02:06:32] [INFO] [com.wave4traders.managers.HolidayManager isHoliday] Weekend: 2016-12-31T00:00
[2021-05-24 02:06:32] [INFO] [com.wave4traders.managers.HolidayManager isHoliday] Weekend: 2017-01-01T00:00
[2021-05-24 02:06:32] [INFO] [com.wave4traders.managers.HolidayManager isHoliday] Weekend: 2017-01-07T00:00
[2021-05-24 02:06:32] [INFO] [com.wave4traders.managers.HolidayManager isHoliday] Weekend: 2017-01-08T00:00
[2021-05-24 02:06:32] [INFO] [com.wave4traders.managers.HolidayManager isHoliday] Weekend: 2017-01-14T00:00
[2021-05-24 02:06:32] [INFO] [com.wave4traders.managers.HolidayManager isHoliday] Weekend: 2017-01-15T00:00
[2021-05-24 02:06:32] [INFO] [com.wave4traders.managers.HolidayManager isHoliday] Weekend: 2017-01-21T00:00
[2021-05-24 02:06:32] [INFO] [com.wave4traders.managers.HolidayManager isHoliday] Weekend: 2017-01-22T00:00
[2021-05-24 02:06:32] [INFO] [com.wave4traders.managers.HolidayManager isHoliday] Holiday: 2017-01-26T00:00 Republic Day
[2021-05-24 02:06:32] [INFO] [com.wave4traders.managers.HolidayManager isHoliday] Weekend: 2017-01-28T00:00
[2021-05-24 02:06:32] [INFO] [com.wave4traders.managers.HolidayManager isHoliday] Weekend: 2017-01-29T00:00
[2021-05-24 02:06:32] [INFO] [com.wave4traders.managers.HolidayManager isHoliday] Weekend: 2017-02-04T00:00
[2021-05-24 02:06:32] [INFO] [com.wave4traders.managers.HolidayManager isHoliday] Weekend: 2017-02-05T00:00
[2021-05-24 02:06:32] [INFO] [com.wave4traders.managers.HolidayManager isHoliday] Weekend: 2017-02-11T00:00
[2021-05-24 02:06:32] [INFO] [com.wave4traders.managers.HolidayManager isHoliday] Weekend: 2017-02-12T00:00
[2021-05-24 02:06:32] [INFO] [com.wave4traders.managers.HolidayManager isHoliday] Weekend: 2017-02-18T00:00
[2021-05-24 02:06:32] [INFO] [com.wave4traders.managers.HolidayManager isHoliday] Weekend: 2017-02-19T00:00
[2021-05-24 02:06:32] [INFO] [com.wave4traders.managers.HolidayManager isHoliday] Holiday: 2017-02-24T00:00 Mahashivratri
[2021-05-24 02:06:32] [INFO] [com.wave4traders.managers.HolidayManager isHoliday] Weekend: 2017-02-25T00:00
[2021-05-24 02:06:32] [INFO] [com.wave4traders.managers.HolidayManager isHoliday] Weekend: 2017-02-26T00:00
[2021-05-24 02:06:32] [INFO] [com.wave4traders.managers.HolidayManager isHoliday] Weekend: 2017-03-04T00:00
[2021-05-24 02:06:32] [INFO] [com.wave4traders.managers.HolidayManager isHoliday] Weekend: 2017-03-05T00:00
[2021-05-24 02:06:32] [INFO] [com.wave4traders.managers.HolidayManager isHoliday] Weekend: 2017-03-11T00:00
[2021-05-24 02:06:32] [INFO] [com.wave4traders.managers.HolidayManager isHoliday] Weekend: 2017-03-12T00:00
[2021-05-24 02:06:32] [INFO] [com.wave4traders.managers.HolidayManager isHoliday] Holiday: 2017-03-13T00:00 Holi
[2021-05-24 02:06:32] [INFO] [com.wave4traders.managers.HolidayManager isHoliday] Weekend: 2017-03-18T00:00
[2021-05-24 02:06:32] [INFO] [com.wave4traders.managers.HolidayManager isHoliday] Weekend: 2017-03-19T00:00
[2021-05-24 02:06:32] [INFO] [com.wave4traders.managers.HolidayManager isHoliday] Weekend: 2017-03-25T00:00
[2021-05-24 02:06:32] [INFO] [com.wave4traders.managers.HolidayManager isHoliday] Weekend: 2017-03-26T00:00
[2021-05-24 02:06:32] [INFO] [com.wave4traders.managers.HolidayManager isHoliday] Weekend: 2017-04-01T00:00
[2021-05-24 02:06:32] [INFO] [com.wave4traders.managers.HolidayManager isHoliday] Weekend: 2017-04-02T00:00
[2021-05-24 02:06:32] [INFO] [com.wave4traders.managers.HolidayManager isHoliday] Holiday: 2017-04-04T00:00 Ram Navmi
[2021-05-24 02:06:32] [INFO] [com.wave4traders.managers.HolidayManager isHoliday] Weekend: 2017-04-08T00:00
[2021-05-24 02:06:32] [INFO] [com.wave4traders.managers.HolidayManager isHoliday] Weekend: 2017-04-09T00:00
[2021-05-24 02:06:33] [INFO] [com.wave4traders.managers.HolidayManager isHoliday] Holiday: 2017-04-14T00:00 Good Friday
[2021-05-24 02:06:33] [INFO] [com.wave4traders.managers.HolidayManager isHoliday] Weekend: 2017-04-15T00:00
[2021-05-24 02:06:33] [INFO] [com.wave4traders.managers.HolidayManager isHoliday] Weekend: 2017-04-16T00:00
[2021-05-24 02:06:33] [INFO] [com.wave4traders.managers.HolidayManager isHoliday] Weekend: 2017-04-22T00:00
[2021-05-24 02:06:33] [INFO] [com.wave4traders.managers.HolidayManager isHoliday] Weekend: 2017-04-23T00:00
[2021-05-24 02:06:33] [INFO] [com.wave4traders.managers.HolidayManager isHoliday] Weekend: 2017-04-29T00:00
[2021-05-24 02:06:33] [INFO] [com.wave4traders.managers.HolidayManager isHoliday] Weekend: 2017-04-30T00:00
[2021-05-24 02:06:33] [INFO] [com.wave4traders.managers.HolidayManager isHoliday] Holiday: 2017-05-01T00:00 Maharashtra Day
[2021-05-24 02:06:33] [INFO] [com.wave4traders.managers.HolidayManager isHoliday] Weekend: 2017-05-06T00:00
[2021-05-24 02:06:33] [INFO] [com.wave4traders.managers.HolidayManager isHoliday] Weekend: 2017-05-07T00:00
[2021-05-24 02:06:33] [INFO] [com.wave4traders.managers.HolidayManager isHoliday] Weekend: 2017-05-13T00:00
[2021-05-24 02:06:33] [INFO] [com.wave4traders.managers.HolidayManager isHoliday] Weekend: 2017-05-14T00:00
[2021-05-24 02:06:33] [INFO] [com.wave4traders.managers.HolidayManager isHoliday] Weekend: 2017-05-20T00:00
[2021-05-24 02:06:33] [INFO] [com.wave4traders.managers.HolidayManager isHoliday] Weekend: 2017-05-21T00:00
[2021-05-24 02:06:33] [INFO] [com.wave4traders.managers.HolidayManager isHoliday] Weekend: 2017-05-27T00:00
[2021-05-24 02:06:33] [INFO] [com.wave4traders.managers.HolidayManager isHoliday] Weekend: 2017-05-28T00:00
[2021-05-24 02:06:33] [INFO] [com.wave4traders.managers.HolidayManager isHoliday] Weekend: 2017-06-03T00:00
[2021-05-24 02:06:33] [INFO] [com.wave4traders.managers.HolidayManager isHoliday] Weekend: 2017-06-04T00:00
[2021-05-24 02:06:33] [INFO] [com.wave4traders.managers.HolidayManager isHoliday] Weekend: 2017-06-10T00:00
[2021-05-24 02:06:33] [INFO] [com.wave4traders.managers.HolidayManager isHoliday] Weekend: 2017-06-11T00:00
[2021-05-24 02:06:33] [INFO] [com.wave4traders.managers.HolidayManager isHoliday] Weekend: 2017-06-17T00:00
[2021-05-24 02:06:33] [INFO] [com.wave4traders.managers.HolidayManager isHoliday] Weekend: 2017-06-18T00:00
[2021-05-24 02:06:33] [INFO] [com.wave4traders.managers.HolidayManager isHoliday] Weekend: 2017-06-24T00:00
[2021-05-24 02:06:33] [INFO] [com.wave4traders.managers.HolidayManager isHoliday] Weekend: 2017-06-25T00:00
[2021-05-24 02:06:33] [INFO] [com.wave4traders.managers.HolidayManager isHoliday] Holiday: 2017-06-26T00:00 Ramzan Id
[2021-05-24 02:06:33] [INFO] [com.wave4traders.managers.HolidayManager isHoliday] Weekend: 2017-07-01T00:00
[2021-05-24 02:06:33] [INFO] [com.wave4traders.managers.HolidayManager isHoliday] Weekend: 2017-07-02T00:00
[2021-05-24 02:06:33] [INFO] [com.wave4traders.managers.HolidayManager isHoliday] Weekend: 2017-07-08T00:00
[2021-05-24 02:06:33] [INFO] [com.wave4traders.managers.HolidayManager isHoliday] Weekend: 2017-07-09T00:00
[2021-05-24 02:06:33] [INFO] [com.wave4traders.managers.HolidayManager isHoliday] Weekend: 2017-07-15T00:00
[2021-05-24 02:06:33] [INFO] [com.wave4traders.managers.HolidayManager isHoliday] Weekend: 2017-07-16T00:00
[2021-05-24 02:06:33] [INFO] [com.wave4traders.managers.HolidayManager isHoliday] Weekend: 2017-07-22T00:00
[2021-05-24 02:06:33] [INFO] [com.wave4traders.managers.HolidayManager isHoliday] Weekend: 2017-07-23T00:00
[2021-05-24 02:06:33] [INFO] [com.wave4traders.managers.HolidayManager isHoliday] Holiday: 2017-07-26T00:00 Bakri Id
[2021-05-24 02:06:33] [INFO] [com.wave4traders.managers.HolidayManager isHoliday] Weekend: 2017-07-29T00:00
[2021-05-24 02:06:33] [INFO] [com.wave4traders.managers.HolidayManager isHoliday] Weekend: 2017-07-30T00:00
[2021-05-24 02:06:33] [INFO] [com.wave4traders.managers.HolidayManager isHoliday] Weekend: 2017-08-05T00:00
[2021-05-24 02:06:33] [INFO] [com.wave4traders.managers.HolidayManager isHoliday] Weekend: 2017-08-06T00:00
[2021-05-24 02:06:33] [INFO] [com.wave4traders.managers.HolidayManager isHoliday] Weekend: 2017-08-12T00:00
[2021-05-24 02:06:33] [INFO] [com.wave4traders.managers.HolidayManager isHoliday] Weekend: 2017-08-13T00:00
[2021-05-24 02:06:33] [INFO] [com.wave4traders.managers.HolidayManager isHoliday] Holiday: 2017-08-15T00:00 Independence Day
[2021-05-24 02:06:33] [INFO] [com.wave4traders.managers.HolidayManager isHoliday] Weekend: 2017-08-19T00:00
[2021-05-24 02:06:33] [INFO] [com.wave4traders.managers.HolidayManager isHoliday] Weekend: 2017-08-20T00:00
[2021-05-24 02:06:33] [INFO] [com.wave4traders.managers.HolidayManager isHoliday] Holiday: 2017-08-25T00:00 Ganesh Chaturthi
[2021-05-24 02:06:33] [INFO] [com.wave4traders.managers.HolidayManager isHoliday] Weekend: 2017-08-26T00:00
[2021-05-24 02:06:33] [INFO] [com.wave4traders.managers.HolidayManager isHoliday] Weekend: 2017-08-27T00:00
[2021-05-24 02:06:33] [INFO] [com.wave4traders.managers.HolidayManager isHoliday] Weekend: 2017-09-02T00:00
[2021-05-24 02:06:33] [INFO] [com.wave4traders.managers.HolidayManager isHoliday] Weekend: 2017-09-03T00:00
[2021-05-24 02:06:33] [INFO] [com.wave4traders.managers.HolidayManager isHoliday] Weekend: 2017-09-09T00:00
[2021-05-24 02:06:33] [INFO] [com.wave4traders.managers.HolidayManager isHoliday] Weekend: 2017-09-10T00:00
[2021-05-24 02:06:34] [INFO] [com.wave4traders.managers.HolidayManager isHoliday] Weekend: 2017-09-16T00:00
[2021-05-24 02:06:34] [INFO] [com.wave4traders.managers.HolidayManager isHoliday] Weekend: 2017-09-17T00:00
[2021-05-24 02:06:34] [INFO] [com.wave4traders.managers.HolidayManager isHoliday] Weekend: 2017-09-23T00:00
[2021-05-24 02:06:34] [INFO] [com.wave4traders.managers.HolidayManager isHoliday] Weekend: 2017-09-24T00:00
[2021-05-24 02:06:34] [INFO] [com.wave4traders.managers.HolidayManager isHoliday] Weekend: 2017-09-30T00:00
[2021-05-24 02:06:34] [INFO] [com.wave4traders.managers.HolidayManager isHoliday] Weekend: 2017-10-01T00:00
[2021-05-24 02:06:34] [INFO] [com.wave4traders.managers.HolidayManager isHoliday] Holiday: 2017-10-02T00:00 Gandhi Jayanti
[2021-05-24 02:06:34] [INFO] [com.wave4traders.managers.HolidayManager isHoliday] Weekend: 2017-10-07T00:00
[2021-05-24 02:06:34] [INFO] [com.wave4traders.managers.HolidayManager isHoliday] Weekend: 2017-10-08T00:00
[2021-05-24 02:06:34] [INFO] [com.wave4traders.managers.HolidayManager isHoliday] Weekend: 2017-10-14T00:00
[2021-05-24 02:06:34] [INFO] [com.wave4traders.managers.HolidayManager isHoliday] Weekend: 2017-10-15T00:00
[2021-05-24 02:06:34] [INFO] [com.wave4traders.managers.HolidayManager isHoliday] Holiday: 2017-10-19T00:00 Diwali
[2021-05-24 02:06:34] [INFO] [com.wave4traders.managers.HolidayManager isHoliday] Holiday: 2017-10-20T00:00 Diwali
[2021-05-24 02:06:34] [INFO] [com.wave4traders.managers.HolidayManager isHoliday] Weekend: 2017-10-21T00:00
[2021-05-24 02:06:34] [INFO] [com.wave4traders.managers.HolidayManager isHoliday] Weekend: 2017-10-22T00:00
[2021-05-24 02:06:34] [INFO] [com.wave4traders.managers.HolidayManager isHoliday] Weekend: 2017-10-28T00:00
[2021-05-24 02:06:34] [INFO] [com.wave4traders.managers.HolidayManager isHoliday] Weekend: 2017-10-29T00:00
[2021-05-24 02:06:34] [INFO] [com.wave4traders.managers.HolidayManager isHoliday] Weekend: 2017-11-04T00:00
[2021-05-24 02:06:34] [INFO] [com.wave4traders.managers.HolidayManager isHoliday] Weekend: 2017-11-05T00:00
[2021-05-24 02:06:34] [INFO] [com.wave4traders.managers.HolidayManager isHoliday] Weekend: 2017-11-11T00:00
[2021-05-24 02:06:34] [INFO] [com.wave4traders.managers.HolidayManager isHoliday] Weekend: 2017-11-12T00:00
[2021-05-24 02:06:34] [INFO] [com.wave4traders.managers.HolidayManager isHoliday] Weekend: 2017-11-18T00:00
[2021-05-24 02:06:34] [INFO] [com.wave4traders.managers.HolidayManager isHoliday] Weekend: 2017-11-19T00:00
[2021-05-24 02:06:34] [INFO] [com.wave4traders.managers.HolidayManager isHoliday] Weekend: 2017-11-25T00:00
[2021-05-24 02:06:34] [INFO] [com.wave4traders.managers.HolidayManager isHoliday] Weekend: 2017-11-26T00:00
[2021-05-24 02:06:34] [INFO] [com.wave4traders.managers.HolidayManager isHoliday] Weekend: 2017-12-02T00:00
[2021-05-24 02:06:34] [INFO] [com.wave4traders.managers.HolidayManager isHoliday] Weekend: 2017-12-03T00:00
[2021-05-24 02:06:34] [INFO] [com.wave4traders.managers.HolidayManager isHoliday] Weekend: 2017-12-09T00:00
[2021-05-24 02:06:34] [INFO] [com.wave4traders.managers.HolidayManager isHoliday] Weekend: 2017-12-10T00:00
[2021-05-24 02:06:34] [INFO] [com.wave4traders.managers.HolidayManager isHoliday] Weekend: 2017-12-16T00:00
[2021-05-24 02:06:34] [INFO] [com.wave4traders.managers.HolidayManager isHoliday] Weekend: 2017-12-17T00:00
[2021-05-24 02:06:34] [INFO] [com.wave4traders.managers.HolidayManager isHoliday] Weekend: 2017-12-23T00:00
[2021-05-24 02:06:34] [INFO] [com.wave4traders.managers.HolidayManager isHoliday] Weekend: 2017-12-24T00:00
[2021-05-24 02:06:34] [INFO] [com.wave4traders.managers.HolidayManager isHoliday] Holiday: 2017-12-25T00:00 Christmas, Tuesday
[2021-05-24 02:06:34] [INFO] [com.wave4traders.managers.HolidayManager isHoliday] Weekend: 2017-12-30T00:00
[2021-05-24 02:06:34] [INFO] [com.wave4traders.managers.HolidayManager isHoliday] Weekend: 2017-12-31T00:00
[2021-05-24 02:06:34] [INFO] [com.wave4traders.managers.HolidayManager isHoliday] Weekend: 2018-01-06T00:00
[2021-05-24 02:06:34] [INFO] [com.wave4traders.managers.HolidayManager isHoliday] Weekend: 2018-01-07T00:00
[2021-05-24 02:06:34] [INFO] [com.wave4traders.managers.HolidayManager isHoliday] Weekend: 2018-01-13T00:00
[2021-05-24 02:06:34] [INFO] [com.wave4traders.managers.HolidayManager isHoliday] Weekend: 2018-01-14T00:00
[2021-05-24 02:06:34] [INFO] [com.wave4traders.managers.HolidayManager isHoliday] Weekend: 2018-01-20T00:00
[2021-05-24 02:06:34] [INFO] [com.wave4traders.managers.HolidayManager isHoliday] Weekend: 2018-01-21T00:00
[2021-05-24 02:06:34] [INFO] [com.wave4traders.managers.HolidayManager isHoliday] Holiday: 2018-01-26T00:00 Republic Day, Friday
[2021-05-24 02:06:34] [INFO] [com.wave4traders.managers.HolidayManager isHoliday] Weekend: 2018-01-27T00:00
[2021-05-24 02:06:34] [INFO] [com.wave4traders.managers.HolidayManager isHoliday] Weekend: 2018-01-28T00:00
[2021-05-24 02:06:34] [INFO] [com.wave4traders.managers.HolidayManager isHoliday] Weekend: 2018-02-03T00:00
[2021-05-24 02:06:34] [INFO] [com.wave4traders.managers.HolidayManager isHoliday] Weekend: 2018-02-04T00:00
[2021-05-24 02:06:34] [INFO] [com.wave4traders.managers.HolidayManager isHoliday] Weekend: 2018-02-10T00:00
[2021-05-24 02:06:34] [INFO] [com.wave4traders.managers.HolidayManager isHoliday] Weekend: 2018-02-11T00:00
[2021-05-24 02:06:34] [INFO] [com.wave4traders.managers.HolidayManager isHoliday] Holiday: 2018-02-13T00:00 Mahashivratri, Tuesday
[2021-05-24 02:06:35] [INFO] [com.wave4traders.managers.HolidayManager isHoliday] Weekend: 2018-02-17T00:00
[2021-05-24 02:06:35] [INFO] [com.wave4traders.managers.HolidayManager isHoliday] Weekend: 2018-02-18T00:00
[2021-05-24 02:06:35] [INFO] [com.wave4traders.managers.HolidayManager isHoliday] Weekend: 2018-02-24T00:00
[2021-05-24 02:06:35] [INFO] [com.wave4traders.managers.HolidayManager isHoliday] Weekend: 2018-02-25T00:00
[2021-05-24 02:06:35] [INFO] [com.wave4traders.managers.HolidayManager isHoliday] Holiday: 2018-03-02T00:00 Holi, Friday
[2021-05-24 02:06:35] [INFO] [com.wave4traders.managers.HolidayManager isHoliday] Weekend: 2018-03-03T00:00
[2021-05-24 02:06:35] [INFO] [com.wave4traders.managers.HolidayManager isHoliday] Weekend: 2018-03-04T00:00
[2021-05-24 02:06:35] [INFO] [com.wave4traders.managers.HolidayManager isHoliday] Weekend: 2018-03-10T00:00
[2021-05-24 02:06:35] [INFO] [com.wave4traders.managers.HolidayManager isHoliday] Weekend: 2018-03-11T00:00
[2021-05-24 02:06:35] [INFO] [com.wave4traders.managers.HolidayManager isHoliday] Weekend: 2018-03-17T00:00
[2021-05-24 02:06:35] [INFO] [com.wave4traders.managers.HolidayManager isHoliday] Weekend: 2018-03-18T00:00
[2021-05-24 02:06:35] [INFO] [com.wave4traders.managers.HolidayManager isHoliday] Weekend: 2018-03-24T00:00
[2021-05-24 02:06:35] [INFO] [com.wave4traders.managers.HolidayManager isHoliday] Weekend: 2018-03-25T00:00
[2021-05-24 02:06:35] [INFO] [com.wave4traders.managers.HolidayManager isHoliday] Holiday: 2018-03-29T00:00 Mahavir Jayanti, Thursday
[2021-05-24 02:06:35] [INFO] [com.wave4traders.managers.HolidayManager isHoliday] Holiday: 2018-03-30T00:00 Good Friday, Friday
[2021-05-24 02:06:35] [INFO] [com.wave4traders.managers.HolidayManager isHoliday] Weekend: 2018-03-31T00:00
[2021-05-24 02:06:35] [INFO] [com.wave4traders.managers.HolidayManager isHoliday] Weekend: 2018-04-01T00:00
[2021-05-24 02:06:35] [INFO] [com.wave4traders.managers.HolidayManager isHoliday] Weekend: 2018-04-07T00:00
[2021-05-24 02:06:35] [INFO] [com.wave4traders.managers.HolidayManager isHoliday] Weekend: 2018-04-08T00:00
[2021-05-24 02:06:35] [INFO] [com.wave4traders.managers.HolidayManager isHoliday] Weekend: 2018-04-14T00:00
[2021-05-24 02:06:35] [INFO] [com.wave4traders.managers.HolidayManager isHoliday] Weekend: 2018-04-15T00:00
[2021-05-24 02:06:35] [INFO] [com.wave4traders.managers.HolidayManager isHoliday] Weekend: 2018-04-21T00:00
[2021-05-24 02:06:35] [INFO] [com.wave4traders.managers.HolidayManager isHoliday] Weekend: 2018-04-22T00:00
[2021-05-24 02:06:35] [INFO] [com.wave4traders.managers.HolidayManager isHoliday] Weekend: 2018-04-28T00:00
[2021-05-24 02:06:35] [INFO] [com.wave4traders.managers.HolidayManager isHoliday] Weekend: 2018-04-29T00:00
[2021-05-24 02:06:35] [INFO] [com.wave4traders.managers.HolidayManager isHoliday] Holiday: 2018-05-01T00:00 Maharashtra Day, Tuesday
[2021-05-24 02:06:35] [INFO] [com.wave4traders.managers.HolidayManager isHoliday] Weekend: 2018-05-05T00:00
[2021-05-24 02:06:35] [INFO] [com.wave4traders.managers.HolidayManager isHoliday] Weekend: 2018-05-06T00:00
[2021-05-24 02:06:35] [INFO] [com.wave4traders.managers.HolidayManager isHoliday] Weekend: 2018-05-12T00:00
[2021-05-24 02:06:35] [INFO] [com.wave4traders.managers.HolidayManager isHoliday] Weekend: 2018-05-13T00:00
[2021-05-24 02:06:35] [INFO] [com.wave4traders.managers.HolidayManager isHoliday] Weekend: 2018-05-19T00:00
[2021-05-24 02:06:35] [INFO] [com.wave4traders.managers.HolidayManager isHoliday] Weekend: 2018-05-20T00:00
[2021-05-24 02:06:35] [INFO] [com.wave4traders.AlgoTrader stop] AlgoTrader is closed...!
